<testsuites id="" name="" tests="6" failures="0" skipped="0" errors="0" time="24.001433999999996">
<testsuite name="bbva-navegacion.spec.ts" timestamp="2025-06-12T13:57:40.390Z" hostname="chromium" tests="1" failures="0" skipped="0" time="18.994" errors="0">
<testcase name="BBVA Website Navigation â€º Navegar a BBVA personas y hacer clic en &quot;Hazte de BBVA&quot;" classname="bbva-navegacion.spec.ts" time="18.994">
<system-out>
<![CDATA[âœ“ NavegaciÃ³n exitosa a BBVA personas
âœ“ BotÃ³n de cookies encontrado: button:has-text("Aceptar")
âœ“ Cookies aceptadas exitosamente
âœ“ Elemento "Hazte de BBVA" encontrado: a[href*="hazte-cliente"]
âœ“ Clic en "Hazte de BBVA" ejecutado exitosamente
âœ“ URL actual: https://www.bbva.es/general/hazte-cliente/abrir-cuenta-bancaria-online.html
âœ“ URL confirma navegaciÃ³n a proceso "Hazte de BBVA"
âœ… Test completado: NavegaciÃ³n BBVA ejecutada exitosamente

[[ATTACHMENT|bbva-navegacion-BBVA-Websi-c068e-acer-clic-en-Hazte-de-BBVA--chromium\test-finished-1.png]]

[[ATTACHMENT|bbva-navegacion-BBVA-Websi-c068e-acer-clic-en-Hazte-de-BBVA--chromium\video.webm]]

[[ATTACHMENT|bbva-navegacion-BBVA-Websi-c068e-acer-clic-en-Hazte-de-BBVA--chromium\trace.zip]]
]]>
</system-out>
</testcase>
</testsuite>
<testsuite name="employee-management-jon1.spec.ts" timestamp="2025-06-12T13:57:40.390Z" hostname="chromium" tests="1" failures="0" skipped="0" time="13.98" errors="0">
<testcase name="Employee Management System - MCP Playwright Test â€º Navigate, login, and create new employee with CLevel grade" classname="employee-management-jon1.spec.ts" time="13.98">
<system-out>
<![CDATA[âœ… Step 1: Successfully navigated to http://eaapp.somee.com
âœ… Step 2: Successfully clicked login link
âœ… Step 3: Successfully logged in with admin credentials
âœ… Step 4: Successfully navigated to Employee List page
âœ… Step 5: Successfully clicked Create New button
âœ… Step 6: Successfully filled employee form with realistic details
   - Name: John Michael Thompson
   - Salary: 125000
   - Duration Worked: 8 years
   - Grade: CLevel
   - Email: john.thompson@corporation.com
âœ… Step 7-8: Successfully created employee and verified in employee list
âœ… Step 9: Successfully closed the browser
ðŸŽ‰ Test completed successfully! Employee "John Michael Thompson" created with CLevel grade.

[[ATTACHMENT|employee-management-jon1-E-cab2d--employee-with-CLevel-grade-chromium\video.webm]]

[[ATTACHMENT|employee-management-jon1-E-cab2d--employee-with-CLevel-grade-chromium\test-finished-1.png]]

[[ATTACHMENT|employee-management-jon1-E-cab2d--employee-with-CLevel-grade-chromium\trace.zip]]
]]>
</system-out>
</testcase>
</testsuite>
<testsuite name="example.spec.ts" timestamp="2025-06-12T13:57:40.390Z" hostname="chromium" tests="2" failures="0" skipped="0" time="19.03" errors="0">
<testcase name="has title" classname="example.spec.ts" time="8.418">
<system-out>
<![CDATA[
[[ATTACHMENT|example-has-title-chromium\test-finished-1.png]]

[[ATTACHMENT|example-has-title-chromium\video.webm]]

[[ATTACHMENT|example-has-title-chromium\trace.zip]]
]]>
</system-out>
</testcase>
<testcase name="get started link" classname="example.spec.ts" time="10.612">
<system-out>
<![CDATA[
[[ATTACHMENT|example-get-started-link-chromium\test-finished-1.png]]

[[ATTACHMENT|example-get-started-link-chromium\video.webm]]

[[ATTACHMENT|example-get-started-link-chromium\trace.zip]]
]]>
</system-out>
</testcase>
</testsuite>
<testsuite name="tc001-agregar-elementos-todo.spec.ts" timestamp="2025-06-12T13:57:40.390Z" hostname="chromium" tests="1" failures="0" skipped="0" time="6.444" errors="0">
<testcase name="TC-001: Agregar elementos TODO individuales â€º Verificar que se pueden agregar tareas TODO correctamente" classname="tc001-agregar-elementos-todo.spec.ts" time="6.444">
<system-out>
<![CDATA[
[[ATTACHMENT|tc001-agregar-elementos-to-039d7-r-tareas-TODO-correctamente-chromium\test-finished-1.png]]

[[ATTACHMENT|tc001-agregar-elementos-to-039d7-r-tareas-TODO-correctamente-chromium\video.webm]]

[[ATTACHMENT|tc001-agregar-elementos-to-039d7-r-tareas-TODO-correctamente-chromium\trace.zip]]
]]>
</system-out>
</testcase>
</testsuite>
<testsuite name="tc002-limpiar-campo-entrada.spec.ts" timestamp="2025-06-12T13:57:40.390Z" hostname="chromium" tests="1" failures="0" skipped="0" time="7.322" errors="0">
<testcase name="TC-002: Limpiar campo de entrada despuÃ©s de agregar â€º Verificar que el campo de entrada se limpia automÃ¡ticamente" classname="tc002-limpiar-campo-entrada.spec.ts" time="7.322">
<system-out>
<![CDATA[
[[ATTACHMENT|tc002-limpiar-campo-entrad-35d0a-a-se-limpia-automÃ¡ticamente-chromium\test-finished-1.png]]

[[ATTACHMENT|tc002-limpiar-campo-entrad-35d0a-a-se-limpia-automÃ¡ticamente-chromium\video.webm]]

[[ATTACHMENT|tc002-limpiar-campo-entrad-35d0a-a-se-limpia-automÃ¡ticamente-chromium\trace.zip]]
]]>
</system-out>
</testcase>
</testsuite>
</testsuites>
